<?xml version="1.0" encoding="UTF-8"?>
<!-- Generated by org.testng.reporters.JUnitXMLReporter -->
<testsuite ignored="0" hostname="LAPTOP-CFJQRAR0" failures="1" tests="8" name="test" time="77.048" errors="0" timestamp="2025-07-17T09:20:05 IST">
  <testcase classname="testCases.TC001_AccountRegistration" name="verify_account_registration" time="3.171"/>
  <testcase classname="testCases.TC002_LoginTest" name="verify_login" time="2.754"/>
  <testcase classname="testCases.TC003_LoginDDT" name="verify_loginDDT" time="12.397">
    <failure type="java.lang.AssertionError" message="expected [true] but found [false]">
      <![CDATA[java.lang.AssertionError: expected [true] but found [false]
at testCases.TC003_LoginDDT.verify_loginDDT(TC003_LoginDDT.java:56)
at java.base/java.util.ArrayList.forEach(ArrayList.java:1511)
... Removed 29 stack frames]]>
    </failure>
  </testcase> <!-- verify_loginDDT -->
  <testcase classname="testCases.TC003_LoginDDT" name="verify_loginDDT" time="6.473"/>
  <testcase classname="testCases.TC003_LoginDDT" name="verify_loginDDT" time="5.594"/>
  <testcase classname="testCases.TC003_LoginDDT" name="verify_loginDDT" time="14.611"/>
  <testcase classname="testCases.TC003_LoginDDT" name="verify_loginDDT" time="5.131"/>
  <testcase classname="testCases.TC003_LoginDDT" name="verify_loginDDT" time="13.935"/>
</testsuite> <!-- test -->
