<?xml version="1.0" encoding="UTF-8"?>
<!-- Generated by org.testng.reporters.JUnitXMLReporter -->
<testsuite ignored="0" hostname="LAPTOP-CFJQRAR0" failures="1" tests="8" name="test" time="90.081" errors="0" timestamp="2025-07-31T10:07:11 IST">
  <testcase classname="testCases.TC001_AccountRegistration" name="verify_account_registration" time="4.464"/>
  <testcase classname="testCases.TC002_LoginTest" name="verify_login" time="2.055"/>
  <testcase classname="testCases.TC003_LoginDDT" name="verify_loginDDT" time="12.045">
    <skipped/>
  </testcase> <!-- verify_loginDDT -->
  <testcase classname="testCases.TC003_LoginDDT" name="verify_loginDDT" time="11.155">
    <skipped/>
  </testcase> <!-- verify_loginDDT -->
  <testcase classname="testCases.TC003_LoginDDT" name="verify_loginDDT" time="11.76">
    <failure type="java.lang.AssertionError" message="expected [true] but found [false]">
      <![CDATA[java.lang.AssertionError: expected [true] but found [false]
at testCases.TC003_LoginDDT.verify_loginDDT(TC003_LoginDDT.java:56)
at java.base/java.util.ArrayList.forEach(ArrayList.java:1604)
... Removed 33 stack frames]]>
    </failure>
  </testcase> <!-- verify_loginDDT -->
  <testcase classname="testCases.TC003_LoginDDT" name="verify_loginDDT" time="5.481"/>
  <testcase classname="testCases.TC003_LoginDDT" name="verify_loginDDT" time="24.921">
    <skipped/>
  </testcase> <!-- verify_loginDDT -->
  <testcase classname="testCases.TC003_LoginDDT" name="verify_loginDDT" time="0.076">
    <skipped/>
  </testcase> <!-- verify_loginDDT -->
</testsuite> <!-- test -->
