<?xml version="1.0" encoding="UTF-8"?>
<!-- Generated by org.testng.reporters.JUnitXMLReporter -->
<testsuite ignored="1" hostname="LAPTOP-CFJQRAR0" failures="1" tests="9" name="test" time="105.964" errors="0" timestamp="2025-07-21T15:46:34 IST">
  <testcase classname="testCases.TC001_AccountRegistration" name="verify_account_registration" time="3.293"/>
  <testcase classname="testCases.TC003_LoginDDT" name="verify_loginDDT" time="14.832">
    <skipped/>
  </testcase> <!-- verify_loginDDT -->
  <testcase classname="testCases.TC003_LoginDDT" name="verify_loginDDT" time="13.86">
    <skipped/>
  </testcase> <!-- verify_loginDDT -->
  <testcase classname="testCases.TC003_LoginDDT" name="verify_loginDDT" time="12.255">
    <failure type="java.lang.AssertionError" message="expected [true] but found [false]">
      <![CDATA[java.lang.AssertionError: expected [true] but found [false]
at testCases.TC003_LoginDDT.verify_loginDDT(TC003_LoginDDT.java:56)
at java.base/java.util.ArrayList.forEach(ArrayList.java:1597)
... Removed 29 stack frames]]>
    </failure>
  </testcase> <!-- verify_loginDDT -->
  <testcase classname="testCases.TC003_LoginDDT" name="verify_loginDDT" time="7.431"/>
  <testcase classname="testCases.TC003_LoginDDT" name="verify_loginDDT" time="6.349"/>
  <testcase classname="testCases.TC003_LoginDDT" name="verify_loginDDT" time="14.233"/>
  <testcase classname="testCases.TC003_LoginDDT" name="verify_loginDDT" time="6.967"/>
  <testcase classname="testCases.TC003_LoginDDT" name="verify_loginDDT" time="14.224"/>
  <testcase classname="testCases.TC002_LoginTest" name="verify_login" time="0.0">
    <ignored/>
  </testcase> <!-- verify_login -->
</testsuite> <!-- test -->
